<?xml version="1.0" encoding="UTF-8"?>
<testsuite name="LaunchTest" tests="1" skipped="0" failures="0" errors="0" timestamp="2023-01-20T10:27:38" hostname="QA" time="0.757">
  <properties/>
  <testcase name="launch" classname="LaunchTest" time="0.757"/>
  <system-out><![CDATA[Version = Version 1.0.0
]]></system-out>
  <system-err><![CDATA[]]></system-err>
</testsuite>
