<?xml version="1.0" encoding="UTF-8"?>
<testsuite name="AddNewContactTests" tests="4" skipped="0" failures="0" errors="0" timestamp="2023-01-27T08:56:06" hostname="QA" time="88.093">
  <properties/>
  <testcase name="addOneContactPositive" classname="AddNewContactTests" time="23.069"/>
  <testcase name="addOneContactPositive" classname="AddNewContactTests" time="21.812"/>
  <testcase name="addOneContactPositive" classname="AddNewContactTests" time="21.644"/>
  <testcase name="addOneContactPositive" classname="AddNewContactTests" time="21.566"/>
  <system-out><![CDATA[]]></system-out>
  <system-err><![CDATA[]]></system-err>
</testsuite>
