<?xml version="1.0" encoding="UTF-8"?>
<testsuite name="RemoveContactsTests" tests="1" skipped="0" failures="0" errors="0" timestamp="2023-01-27T21:31:42" hostname="QA" time="12.052">
  <properties/>
  <testcase name="removeOneContactPositive" classname="RemoveContactsTests" time="12.052"/>
  <system-out><![CDATA[Length = 6
135
945
350
]]></system-out>
  <system-err><![CDATA[]]></system-err>
</testsuite>
